debug: Sun, 10 Jul 2022 13:56:22 GMT
debug: Project: /Users/liheng/project/cocos/game_code
debug: Targets: editor,preview
debug: Incremental file seems great.
debug: Engine path: /Applications/CocosCreator/Creator/3.5.2/CocosCreator.app/Contents/Resources/resources/3d/engine
debug: Initializing target [Editor]
debug: Loading cache
debug: Loading cache costs 2.7934210300445557ms.
debug: Engine features shipped in editor: base,gfx-webgl,gfx-webgl2,3d,animation,skeletal-animation,2d,ui,particle,particle-2d,physics-framework,physics-2d-framework,intersection-2d,primitive,profiler,audio,video,terrain,webview,tween,tiled-map,spine,dragon-bones,marionette
debug: Initializing target [Preview]
debug: Loading cache
debug: Loading cache costs 5.010688006877899ms.
debug: Sync engine features: 2d,animation,audio,base,dragon-bones,gfx-webgl,gfx-webgl2,intersection-2d,marionette,particle-2d,physics-2d-box2d,profiler,skeletal-animation,spine,tiled-map,tween,ui,video,webview
debug: Pulling asset-db.
debug: Fetch asset-db cost: 20.461331009864807ms.
debug: Build iteration starts.
Number of accumulated asset changes: 5
Feature changed: false
debug: Target(editor) build started.
debug: Detected change: cce:/internal/x/cc. Last mtime: Thu Jan 01 1970 08:00:29 GMT+0800 (中国标准时间), Current mtime: Thu Jan 01 1970 08:00:41 GMT+0800 (中国标准时间)
debug: Inspect cce:/internal/x/cc
debug: Resolve cce:/internal/x/cc-fu/base from cce:/internal/x/cc as external dependency cce:/internal/x/cc-fu/base.
debug: Resolve cce:/internal/x/cc-fu/gfx-webgl from cce:/internal/x/cc as external dependency cce:/internal/x/cc-fu/gfx-webgl.
debug: Resolve cce:/internal/x/cc-fu/gfx-webgl2 from cce:/internal/x/cc as external dependency cce:/internal/x/cc-fu/gfx-webgl2.
debug: Resolve cce:/internal/x/cc-fu/3d from cce:/internal/x/cc as external dependency cce:/internal/x/cc-fu/3d.
debug: Resolve cce:/internal/x/cc-fu/animation from cce:/internal/x/cc as external dependency cce:/internal/x/cc-fu/animation.
debug: Resolve cce:/internal/x/cc-fu/skeletal-animation from cce:/internal/x/cc as external dependency cce:/internal/x/cc-fu/skeletal-animation.
debug: Resolve cce:/internal/x/cc-fu/2d from cce:/internal/x/cc as external dependency cce:/internal/x/cc-fu/2d.
debug: Resolve cce:/internal/x/cc-fu/ui from cce:/internal/x/cc as external dependency cce:/internal/x/cc-fu/ui.
debug: Resolve cce:/internal/x/cc-fu/particle from cce:/internal/x/cc as external dependency cce:/internal/x/cc-fu/particle.
debug: Resolve cce:/internal/x/cc-fu/particle-2d from cce:/internal/x/cc as external dependency cce:/internal/x/cc-fu/particle-2d.
debug: Resolve cce:/internal/x/cc-fu/physics-framework from cce:/internal/x/cc as external dependency cce:/internal/x/cc-fu/physics-framework.
debug: Resolve cce:/internal/x/cc-fu/physics-2d-framework from cce:/internal/x/cc as external dependency cce:/internal/x/cc-fu/physics-2d-framework.
debug: Resolve cce:/internal/x/cc-fu/intersection-2d from cce:/internal/x/cc as external dependency cce:/internal/x/cc-fu/intersection-2d.
debug: Resolve cce:/internal/x/cc-fu/primitive from cce:/internal/x/cc as external dependency cce:/internal/x/cc-fu/primitive.
debug: Resolve cce:/internal/x/cc-fu/profiler from cce:/internal/x/cc as external dependency cce:/internal/x/cc-fu/profiler.
debug: Resolve cce:/internal/x/cc-fu/audio from cce:/internal/x/cc as external dependency cce:/internal/x/cc-fu/audio.
debug: Resolve cce:/internal/x/cc-fu/video from cce:/internal/x/cc as external dependency cce:/internal/x/cc-fu/video.
debug: Resolve cce:/internal/x/cc-fu/terrain from cce:/internal/x/cc as external dependency cce:/internal/x/cc-fu/terrain.
debug: Resolve cce:/internal/x/cc-fu/webview from cce:/internal/x/cc as external dependency cce:/internal/x/cc-fu/webview.
debug: Resolve cce:/internal/x/cc-fu/tween from cce:/internal/x/cc as external dependency cce:/internal/x/cc-fu/tween.
debug: Resolve cce:/internal/x/cc-fu/tiled-map from cce:/internal/x/cc as external dependency cce:/internal/x/cc-fu/tiled-map.
debug: Resolve cce:/internal/x/cc-fu/spine from cce:/internal/x/cc as external dependency cce:/internal/x/cc-fu/spine.
debug: Resolve cce:/internal/x/cc-fu/dragon-bones from cce:/internal/x/cc as external dependency cce:/internal/x/cc-fu/dragon-bones.
debug: Detected change: cce:/internal/x/prerequisite-imports. Last mtime: Thu Jan 01 1970 15:10:08 GMT+0800 (中国标准时间), Current mtime: Thu Jan 01 1970 08:00:41 GMT+0800 (中国标准时间)
debug: Inspect cce:/internal/x/prerequisite-imports
debug: Resolve file:///Users/liheng/project/cocos/game_code/assets/Script/AtomMove.ts from cce:/internal/x/prerequisite-imports as file:///Users/liheng/project/cocos/game_code/assets/Script/AtomMove.ts.
debug: Resolve file:///Users/liheng/project/cocos/game_code/assets/Script/CreateAtom.ts from cce:/internal/x/prerequisite-imports as file:///Users/liheng/project/cocos/game_code/assets/Script/CreateAtom.ts.
debug: Resolve file:///Users/liheng/project/cocos/game_code/assets/Script/fileBook.ts from cce:/internal/x/prerequisite-imports as file:///Users/liheng/project/cocos/game_code/assets/Script/fileBook.ts.
debug: Resolve file:///Users/liheng/project/cocos/game_code/assets/Script/moveToPre.ts from cce:/internal/x/prerequisite-imports as file:///Users/liheng/project/cocos/game_code/assets/Script/moveToPre.ts.
debug: Resolve file:///Users/liheng/project/cocos/game_code/assets/Script/showScore.ts from cce:/internal/x/prerequisite-imports as file:///Users/liheng/project/cocos/game_code/assets/Script/showScore.ts.
debug: Target(editor) ends with cost 613.076209962368ms.
debug: Target(preview) build started.
debug: Detected change: cce:/internal/x/cc. Last mtime: Thu Jan 01 1970 08:00:29 GMT+0800 (中国标准时间), Current mtime: Thu Jan 01 1970 08:00:41 GMT+0800 (中国标准时间)
debug: Inspect cce:/internal/x/cc
debug: Resolve cce:/internal/x/cc-fu/2d from cce:/internal/x/cc as external dependency cce:/internal/x/cc-fu/2d.
debug: Resolve cce:/internal/x/cc-fu/animation from cce:/internal/x/cc as external dependency cce:/internal/x/cc-fu/animation.
debug: Resolve cce:/internal/x/cc-fu/audio from cce:/internal/x/cc as external dependency cce:/internal/x/cc-fu/audio.
debug: Resolve cce:/internal/x/cc-fu/base from cce:/internal/x/cc as external dependency cce:/internal/x/cc-fu/base.
debug: Resolve cce:/internal/x/cc-fu/dragon-bones from cce:/internal/x/cc as external dependency cce:/internal/x/cc-fu/dragon-bones.
debug: Resolve cce:/internal/x/cc-fu/gfx-webgl from cce:/internal/x/cc as external dependency cce:/internal/x/cc-fu/gfx-webgl.
debug: Resolve cce:/internal/x/cc-fu/gfx-webgl2 from cce:/internal/x/cc as external dependency cce:/internal/x/cc-fu/gfx-webgl2.
debug: Resolve cce:/internal/x/cc-fu/intersection-2d from cce:/internal/x/cc as external dependency cce:/internal/x/cc-fu/intersection-2d.
debug: Resolve cce:/internal/x/cc-fu/particle-2d from cce:/internal/x/cc as external dependency cce:/internal/x/cc-fu/particle-2d.
debug: Resolve cce:/internal/x/cc-fu/physics-2d-box2d from cce:/internal/x/cc as external dependency cce:/internal/x/cc-fu/physics-2d-box2d.
debug: Resolve cce:/internal/x/cc-fu/physics-2d-framework from cce:/internal/x/cc as external dependency cce:/internal/x/cc-fu/physics-2d-framework.
debug: Resolve cce:/internal/x/cc-fu/profiler from cce:/internal/x/cc as external dependency cce:/internal/x/cc-fu/profiler.
debug: Resolve cce:/internal/x/cc-fu/skeletal-animation from cce:/internal/x/cc as external dependency cce:/internal/x/cc-fu/skeletal-animation.
debug: Resolve cce:/internal/x/cc-fu/spine from cce:/internal/x/cc as external dependency cce:/internal/x/cc-fu/spine.
debug: Resolve cce:/internal/x/cc-fu/tiled-map from cce:/internal/x/cc as external dependency cce:/internal/x/cc-fu/tiled-map.
debug: Resolve cce:/internal/x/cc-fu/tween from cce:/internal/x/cc as external dependency cce:/internal/x/cc-fu/tween.
debug: Resolve cce:/internal/x/cc-fu/ui from cce:/internal/x/cc as external dependency cce:/internal/x/cc-fu/ui.
debug: Resolve cce:/internal/x/cc-fu/video from cce:/internal/x/cc as external dependency cce:/internal/x/cc-fu/video.
debug: Resolve cce:/internal/x/cc-fu/webview from cce:/internal/x/cc as external dependency cce:/internal/x/cc-fu/webview.
debug: Detected change: cce:/internal/x/prerequisite-imports. Last mtime: Thu Jan 01 1970 15:10:08 GMT+0800 (中国标准时间), Current mtime: Thu Jan 01 1970 08:00:41 GMT+0800 (中国标准时间)
debug: Inspect cce:/internal/x/prerequisite-imports
debug: Resolve file:///Users/liheng/project/cocos/game_code/assets/Script/AtomMove.ts from cce:/internal/x/prerequisite-imports as file:///Users/liheng/project/cocos/game_code/assets/Script/AtomMove.ts.
debug: Resolve file:///Users/liheng/project/cocos/game_code/assets/Script/CreateAtom.ts from cce:/internal/x/prerequisite-imports as file:///Users/liheng/project/cocos/game_code/assets/Script/CreateAtom.ts.
debug: Resolve file:///Users/liheng/project/cocos/game_code/assets/Script/fileBook.ts from cce:/internal/x/prerequisite-imports as file:///Users/liheng/project/cocos/game_code/assets/Script/fileBook.ts.
debug: Resolve file:///Users/liheng/project/cocos/game_code/assets/Script/moveToPre.ts from cce:/internal/x/prerequisite-imports as file:///Users/liheng/project/cocos/game_code/assets/Script/moveToPre.ts.
debug: Resolve file:///Users/liheng/project/cocos/game_code/assets/Script/showScore.ts from cce:/internal/x/prerequisite-imports as file:///Users/liheng/project/cocos/game_code/assets/Script/showScore.ts.
debug: Target(preview) ends with cost 207.693284034729ms.
debug: Dispatch build request for time accumulated 1 asset changes.
debug: Build iteration starts.
Number of accumulated asset changes: 1
Feature changed: false
debug: Target(editor) build started.
debug: Detected change: cce:/internal/x/prerequisite-imports. Last mtime: Thu Jan 01 1970 08:00:41 GMT+0800 (中国标准时间), Current mtime: Thu Jan 01 1970 08:04:04 GMT+0800 (中国标准时间)
debug: Inspect cce:/internal/x/prerequisite-imports
debug: Resolve file:///Users/liheng/project/cocos/game_code/assets/Script/AtomMove.ts from cce:/internal/x/prerequisite-imports as file:///Users/liheng/project/cocos/game_code/assets/Script/AtomMove.ts.
debug: Resolve file:///Users/liheng/project/cocos/game_code/assets/Script/CreateAtom.ts from cce:/internal/x/prerequisite-imports as file:///Users/liheng/project/cocos/game_code/assets/Script/CreateAtom.ts.
debug: Resolve file:///Users/liheng/project/cocos/game_code/assets/Script/Wheel.ts from cce:/internal/x/prerequisite-imports as file:///Users/liheng/project/cocos/game_code/assets/Script/Wheel.ts.
debug: Inspect file:///Users/liheng/project/cocos/game_code/assets/Script/Wheel.ts
debug: Resolve cc from file:///Users/liheng/project/cocos/game_code/assets/Script/Wheel.ts as cce:/internal/x/cc.
debug: Resolve cc from file:///Users/liheng/project/cocos/game_code/assets/Script/Wheel.ts as cce:/internal/x/cc.
debug: Resolve file:///Users/liheng/project/cocos/game_code/assets/Script/fileBook.ts from cce:/internal/x/prerequisite-imports as file:///Users/liheng/project/cocos/game_code/assets/Script/fileBook.ts.
debug: Resolve file:///Users/liheng/project/cocos/game_code/assets/Script/moveToPre.ts from cce:/internal/x/prerequisite-imports as file:///Users/liheng/project/cocos/game_code/assets/Script/moveToPre.ts.
debug: Resolve file:///Users/liheng/project/cocos/game_code/assets/Script/showScore.ts from cce:/internal/x/prerequisite-imports as file:///Users/liheng/project/cocos/game_code/assets/Script/showScore.ts.
debug: Target(editor) ends with cost 199.5917650461197ms.
debug: Target(preview) build started.
debug: Detected change: cce:/internal/x/prerequisite-imports. Last mtime: Thu Jan 01 1970 08:00:41 GMT+0800 (中国标准时间), Current mtime: Thu Jan 01 1970 08:04:05 GMT+0800 (中国标准时间)
debug: Inspect cce:/internal/x/prerequisite-imports
debug: Resolve file:///Users/liheng/project/cocos/game_code/assets/Script/AtomMove.ts from cce:/internal/x/prerequisite-imports as file:///Users/liheng/project/cocos/game_code/assets/Script/AtomMove.ts.
debug: Resolve file:///Users/liheng/project/cocos/game_code/assets/Script/CreateAtom.ts from cce:/internal/x/prerequisite-imports as file:///Users/liheng/project/cocos/game_code/assets/Script/CreateAtom.ts.
debug: Resolve file:///Users/liheng/project/cocos/game_code/assets/Script/Wheel.ts from cce:/internal/x/prerequisite-imports as file:///Users/liheng/project/cocos/game_code/assets/Script/Wheel.ts.
debug: Inspect file:///Users/liheng/project/cocos/game_code/assets/Script/Wheel.ts
debug: Resolve cc from file:///Users/liheng/project/cocos/game_code/assets/Script/Wheel.ts as cce:/internal/x/cc.
debug: Resolve cc from file:///Users/liheng/project/cocos/game_code/assets/Script/Wheel.ts as cce:/internal/x/cc.
debug: Resolve file:///Users/liheng/project/cocos/game_code/assets/Script/fileBook.ts from cce:/internal/x/prerequisite-imports as file:///Users/liheng/project/cocos/game_code/assets/Script/fileBook.ts.
debug: Resolve file:///Users/liheng/project/cocos/game_code/assets/Script/moveToPre.ts from cce:/internal/x/prerequisite-imports as file:///Users/liheng/project/cocos/game_code/assets/Script/moveToPre.ts.
debug: Resolve file:///Users/liheng/project/cocos/game_code/assets/Script/showScore.ts from cce:/internal/x/prerequisite-imports as file:///Users/liheng/project/cocos/game_code/assets/Script/showScore.ts.
debug: Target(preview) ends with cost 372.64784598350525ms.
debug: Dispatch build request for time accumulated 1 asset changes.
debug: Build iteration starts.
Number of accumulated asset changes: 1
Feature changed: false
debug: Target(editor) build started.
debug: Detected change: cce:/internal/x/prerequisite-imports. Last mtime: Thu Jan 01 1970 08:04:04 GMT+0800 (中国标准时间), Current mtime: Thu Jan 01 1970 08:11:11 GMT+0800 (中国标准时间)
debug: Inspect cce:/internal/x/prerequisite-imports
debug: Resolve file:///Users/liheng/project/cocos/game_code/assets/Script/AtomMove.ts from cce:/internal/x/prerequisite-imports as file:///Users/liheng/project/cocos/game_code/assets/Script/AtomMove.ts.
debug: Resolve file:///Users/liheng/project/cocos/game_code/assets/Script/CreateAtom.ts from cce:/internal/x/prerequisite-imports as file:///Users/liheng/project/cocos/game_code/assets/Script/CreateAtom.ts.
debug: Resolve file:///Users/liheng/project/cocos/game_code/assets/Script/Wheel.ts from cce:/internal/x/prerequisite-imports as file:///Users/liheng/project/cocos/game_code/assets/Script/Wheel.ts.
debug: Detected change: file:///Users/liheng/project/cocos/game_code/assets/Script/Wheel.ts. Last mtime: Sun Jul 10 2022 21:59:45 GMT+0800 (中国标准时间)@d789167a-6355-4cb0-ad32-f422d8c1778f, Current mtime: Sun Jul 10 2022 22:06:09 GMT+0800 (中国标准时间)@d789167a-6355-4cb0-ad32-f422d8c1778f
debug: Inspect file:///Users/liheng/project/cocos/game_code/assets/Script/Wheel.ts
debug: Resolve cc from file:///Users/liheng/project/cocos/game_code/assets/Script/Wheel.ts as cce:/internal/x/cc.
debug: Resolve cc from file:///Users/liheng/project/cocos/game_code/assets/Script/Wheel.ts as cce:/internal/x/cc.
debug: Resolve file:///Users/liheng/project/cocos/game_code/assets/Script/fileBook.ts from cce:/internal/x/prerequisite-imports as file:///Users/liheng/project/cocos/game_code/assets/Script/fileBook.ts.
debug: Resolve file:///Users/liheng/project/cocos/game_code/assets/Script/moveToPre.ts from cce:/internal/x/prerequisite-imports as file:///Users/liheng/project/cocos/game_code/assets/Script/moveToPre.ts.
debug: Resolve file:///Users/liheng/project/cocos/game_code/assets/Script/showScore.ts from cce:/internal/x/prerequisite-imports as file:///Users/liheng/project/cocos/game_code/assets/Script/showScore.ts.
debug: Target(editor) ends with cost 256.3989119529724ms.
debug: Target(preview) build started.
debug: Detected change: cce:/internal/x/prerequisite-imports. Last mtime: Thu Jan 01 1970 08:04:05 GMT+0800 (中国标准时间), Current mtime: Thu Jan 01 1970 08:11:11 GMT+0800 (中国标准时间)
debug: Inspect cce:/internal/x/prerequisite-imports
debug: Resolve file:///Users/liheng/project/cocos/game_code/assets/Script/AtomMove.ts from cce:/internal/x/prerequisite-imports as file:///Users/liheng/project/cocos/game_code/assets/Script/AtomMove.ts.
debug: Resolve file:///Users/liheng/project/cocos/game_code/assets/Script/CreateAtom.ts from cce:/internal/x/prerequisite-imports as file:///Users/liheng/project/cocos/game_code/assets/Script/CreateAtom.ts.
debug: Resolve file:///Users/liheng/project/cocos/game_code/assets/Script/Wheel.ts from cce:/internal/x/prerequisite-imports as file:///Users/liheng/project/cocos/game_code/assets/Script/Wheel.ts.
debug: Detected change: file:///Users/liheng/project/cocos/game_code/assets/Script/Wheel.ts. Last mtime: Sun Jul 10 2022 21:59:45 GMT+0800 (中国标准时间)@d789167a-6355-4cb0-ad32-f422d8c1778f, Current mtime: Sun Jul 10 2022 22:06:09 GMT+0800 (中国标准时间)@d789167a-6355-4cb0-ad32-f422d8c1778f
debug: Inspect file:///Users/liheng/project/cocos/game_code/assets/Script/Wheel.ts
debug: Resolve cc from file:///Users/liheng/project/cocos/game_code/assets/Script/Wheel.ts as cce:/internal/x/cc.
debug: Resolve cc from file:///Users/liheng/project/cocos/game_code/assets/Script/Wheel.ts as cce:/internal/x/cc.
debug: Resolve file:///Users/liheng/project/cocos/game_code/assets/Script/fileBook.ts from cce:/internal/x/prerequisite-imports as file:///Users/liheng/project/cocos/game_code/assets/Script/fileBook.ts.
debug: Resolve file:///Users/liheng/project/cocos/game_code/assets/Script/moveToPre.ts from cce:/internal/x/prerequisite-imports as file:///Users/liheng/project/cocos/game_code/assets/Script/moveToPre.ts.
debug: Resolve file:///Users/liheng/project/cocos/game_code/assets/Script/showScore.ts from cce:/internal/x/prerequisite-imports as file:///Users/liheng/project/cocos/game_code/assets/Script/showScore.ts.
debug: Target(preview) ends with cost 618.2929499745369ms.
debug: Dispatch build request for time accumulated 1 asset changes.
debug: Build iteration starts.
Number of accumulated asset changes: 1
Feature changed: false
debug: Target(editor) build started.
debug: Detected change: cce:/internal/x/prerequisite-imports. Last mtime: Thu Jan 01 1970 08:11:11 GMT+0800 (中国标准时间), Current mtime: Thu Jan 01 1970 08:22:39 GMT+0800 (中国标准时间)
debug: Inspect cce:/internal/x/prerequisite-imports
debug: Resolve file:///Users/liheng/project/cocos/game_code/assets/Script/AtomMove.ts from cce:/internal/x/prerequisite-imports as file:///Users/liheng/project/cocos/game_code/assets/Script/AtomMove.ts.
debug: Resolve file:///Users/liheng/project/cocos/game_code/assets/Script/CreateAtom.ts from cce:/internal/x/prerequisite-imports as file:///Users/liheng/project/cocos/game_code/assets/Script/CreateAtom.ts.
debug: Resolve file:///Users/liheng/project/cocos/game_code/assets/Script/fileBook.ts from cce:/internal/x/prerequisite-imports as file:///Users/liheng/project/cocos/game_code/assets/Script/fileBook.ts.
debug: Resolve file:///Users/liheng/project/cocos/game_code/assets/Script/moveToPre.ts from cce:/internal/x/prerequisite-imports as file:///Users/liheng/project/cocos/game_code/assets/Script/moveToPre.ts.
debug: Resolve file:///Users/liheng/project/cocos/game_code/assets/Script/showScore.ts from cce:/internal/x/prerequisite-imports as file:///Users/liheng/project/cocos/game_code/assets/Script/showScore.ts.
debug: Target(editor) ends with cost 34.83076500892639ms.
debug: Target(preview) build started.
debug: Detected change: cce:/internal/x/prerequisite-imports. Last mtime: Thu Jan 01 1970 08:11:11 GMT+0800 (中国标准时间), Current mtime: Thu Jan 01 1970 08:22:39 GMT+0800 (中国标准时间)
debug: Inspect cce:/internal/x/prerequisite-imports
debug: Resolve file:///Users/liheng/project/cocos/game_code/assets/Script/AtomMove.ts from cce:/internal/x/prerequisite-imports as file:///Users/liheng/project/cocos/game_code/assets/Script/AtomMove.ts.
debug: Resolve file:///Users/liheng/project/cocos/game_code/assets/Script/CreateAtom.ts from cce:/internal/x/prerequisite-imports as file:///Users/liheng/project/cocos/game_code/assets/Script/CreateAtom.ts.
debug: Resolve file:///Users/liheng/project/cocos/game_code/assets/Script/fileBook.ts from cce:/internal/x/prerequisite-imports as file:///Users/liheng/project/cocos/game_code/assets/Script/fileBook.ts.
debug: Resolve file:///Users/liheng/project/cocos/game_code/assets/Script/moveToPre.ts from cce:/internal/x/prerequisite-imports as file:///Users/liheng/project/cocos/game_code/assets/Script/moveToPre.ts.
debug: Resolve file:///Users/liheng/project/cocos/game_code/assets/Script/showScore.ts from cce:/internal/x/prerequisite-imports as file:///Users/liheng/project/cocos/game_code/assets/Script/showScore.ts.
debug: Target(preview) ends with cost 177.88562601804733ms.
debug: Dispatch build request for time accumulated 1 asset changes.
debug: Build iteration starts.
Number of accumulated asset changes: 1
Feature changed: false
debug: Target(editor) build started.
debug: Detected change: cce:/internal/x/prerequisite-imports. Last mtime: Thu Jan 01 1970 08:22:39 GMT+0800 (中国标准时间), Current mtime: Thu Jan 01 1970 08:23:03 GMT+0800 (中国标准时间)
debug: Inspect cce:/internal/x/prerequisite-imports
debug: Resolve file:///Users/liheng/project/cocos/game_code/assets/Script/AtomMove.ts from cce:/internal/x/prerequisite-imports as file:///Users/liheng/project/cocos/game_code/assets/Script/AtomMove.ts.
debug: Resolve file:///Users/liheng/project/cocos/game_code/assets/Script/CreateAtom.ts from cce:/internal/x/prerequisite-imports as file:///Users/liheng/project/cocos/game_code/assets/Script/CreateAtom.ts.
debug: Resolve file:///Users/liheng/project/cocos/game_code/assets/Script/fileBook.ts from cce:/internal/x/prerequisite-imports as file:///Users/liheng/project/cocos/game_code/assets/Script/fileBook.ts.
debug: Resolve file:///Users/liheng/project/cocos/game_code/assets/Script/moveToPre.ts from cce:/internal/x/prerequisite-imports as file:///Users/liheng/project/cocos/game_code/assets/Script/moveToPre.ts.
debug: Resolve file:///Users/liheng/project/cocos/game_code/assets/Script/showScore.ts from cce:/internal/x/prerequisite-imports as file:///Users/liheng/project/cocos/game_code/assets/Script/showScore.ts.
debug: Resolve file:///Users/liheng/project/cocos/game_code/assets/Script/wheel/WheelTable.ts from cce:/internal/x/prerequisite-imports as file:///Users/liheng/project/cocos/game_code/assets/Script/wheel/WheelTable.ts.
debug: Inspect file:///Users/liheng/project/cocos/game_code/assets/Script/wheel/WheelTable.ts
debug: Resolve cc from file:///Users/liheng/project/cocos/game_code/assets/Script/wheel/WheelTable.ts as cce:/internal/x/cc.
debug: Resolve cc from file:///Users/liheng/project/cocos/game_code/assets/Script/wheel/WheelTable.ts as cce:/internal/x/cc.
debug: Target(editor) ends with cost 169.56852501630783ms.
debug: Target(preview) build started.
debug: Detected change: cce:/internal/x/prerequisite-imports. Last mtime: Thu Jan 01 1970 08:22:39 GMT+0800 (中国标准时间), Current mtime: Thu Jan 01 1970 08:23:03 GMT+0800 (中国标准时间)
debug: Inspect cce:/internal/x/prerequisite-imports
debug: Resolve file:///Users/liheng/project/cocos/game_code/assets/Script/AtomMove.ts from cce:/internal/x/prerequisite-imports as file:///Users/liheng/project/cocos/game_code/assets/Script/AtomMove.ts.
debug: Resolve file:///Users/liheng/project/cocos/game_code/assets/Script/CreateAtom.ts from cce:/internal/x/prerequisite-imports as file:///Users/liheng/project/cocos/game_code/assets/Script/CreateAtom.ts.
debug: Resolve file:///Users/liheng/project/cocos/game_code/assets/Script/fileBook.ts from cce:/internal/x/prerequisite-imports as file:///Users/liheng/project/cocos/game_code/assets/Script/fileBook.ts.
debug: Resolve file:///Users/liheng/project/cocos/game_code/assets/Script/moveToPre.ts from cce:/internal/x/prerequisite-imports as file:///Users/liheng/project/cocos/game_code/assets/Script/moveToPre.ts.
debug: Resolve file:///Users/liheng/project/cocos/game_code/assets/Script/showScore.ts from cce:/internal/x/prerequisite-imports as file:///Users/liheng/project/cocos/game_code/assets/Script/showScore.ts.
debug: Resolve file:///Users/liheng/project/cocos/game_code/assets/Script/wheel/WheelTable.ts from cce:/internal/x/prerequisite-imports as file:///Users/liheng/project/cocos/game_code/assets/Script/wheel/WheelTable.ts.
debug: Inspect file:///Users/liheng/project/cocos/game_code/assets/Script/wheel/WheelTable.ts
debug: Resolve cc from file:///Users/liheng/project/cocos/game_code/assets/Script/wheel/WheelTable.ts as cce:/internal/x/cc.
debug: Resolve cc from file:///Users/liheng/project/cocos/game_code/assets/Script/wheel/WheelTable.ts as cce:/internal/x/cc.
debug: Target(preview) ends with cost 453.2065620422363ms.
debug: Dispatch build request for time accumulated 1 asset changes.
debug: Build iteration starts.
Number of accumulated asset changes: 1
Feature changed: false
debug: Target(editor) build started.
debug: Detected change: cce:/internal/x/prerequisite-imports. Last mtime: Thu Jan 01 1970 08:23:03 GMT+0800 (中国标准时间), Current mtime: Thu Jan 01 1970 08:23:20 GMT+0800 (中国标准时间)
debug: Inspect cce:/internal/x/prerequisite-imports
debug: Resolve file:///Users/liheng/project/cocos/game_code/assets/Script/AtomMove.ts from cce:/internal/x/prerequisite-imports as file:///Users/liheng/project/cocos/game_code/assets/Script/AtomMove.ts.
debug: Resolve file:///Users/liheng/project/cocos/game_code/assets/Script/CreateAtom.ts from cce:/internal/x/prerequisite-imports as file:///Users/liheng/project/cocos/game_code/assets/Script/CreateAtom.ts.
debug: Resolve file:///Users/liheng/project/cocos/game_code/assets/Script/fileBook.ts from cce:/internal/x/prerequisite-imports as file:///Users/liheng/project/cocos/game_code/assets/Script/fileBook.ts.
debug: Resolve file:///Users/liheng/project/cocos/game_code/assets/Script/moveToPre.ts from cce:/internal/x/prerequisite-imports as file:///Users/liheng/project/cocos/game_code/assets/Script/moveToPre.ts.
debug: Resolve file:///Users/liheng/project/cocos/game_code/assets/Script/showScore.ts from cce:/internal/x/prerequisite-imports as file:///Users/liheng/project/cocos/game_code/assets/Script/showScore.ts.
debug: Resolve file:///Users/liheng/project/cocos/game_code/assets/Script/wheel/WheelBtn.ts from cce:/internal/x/prerequisite-imports as file:///Users/liheng/project/cocos/game_code/assets/Script/wheel/WheelBtn.ts.
debug: Inspect file:///Users/liheng/project/cocos/game_code/assets/Script/wheel/WheelBtn.ts
debug: Resolve cc from file:///Users/liheng/project/cocos/game_code/assets/Script/wheel/WheelBtn.ts as cce:/internal/x/cc.
debug: Resolve cc from file:///Users/liheng/project/cocos/game_code/assets/Script/wheel/WheelBtn.ts as cce:/internal/x/cc.
debug: Resolve file:///Users/liheng/project/cocos/game_code/assets/Script/wheel/WheelTable.ts from cce:/internal/x/prerequisite-imports as file:///Users/liheng/project/cocos/game_code/assets/Script/wheel/WheelTable.ts.
debug: Target(editor) ends with cost 238.07407402992249ms.
debug: Target(preview) build started.
debug: Detected change: cce:/internal/x/prerequisite-imports. Last mtime: Thu Jan 01 1970 08:23:03 GMT+0800 (中国标准时间), Current mtime: Thu Jan 01 1970 08:23:20 GMT+0800 (中国标准时间)
debug: Inspect cce:/internal/x/prerequisite-imports
debug: Resolve file:///Users/liheng/project/cocos/game_code/assets/Script/AtomMove.ts from cce:/internal/x/prerequisite-imports as file:///Users/liheng/project/cocos/game_code/assets/Script/AtomMove.ts.
debug: Resolve file:///Users/liheng/project/cocos/game_code/assets/Script/CreateAtom.ts from cce:/internal/x/prerequisite-imports as file:///Users/liheng/project/cocos/game_code/assets/Script/CreateAtom.ts.
debug: Resolve file:///Users/liheng/project/cocos/game_code/assets/Script/fileBook.ts from cce:/internal/x/prerequisite-imports as file:///Users/liheng/project/cocos/game_code/assets/Script/fileBook.ts.
debug: Resolve file:///Users/liheng/project/cocos/game_code/assets/Script/moveToPre.ts from cce:/internal/x/prerequisite-imports as file:///Users/liheng/project/cocos/game_code/assets/Script/moveToPre.ts.
debug: Resolve file:///Users/liheng/project/cocos/game_code/assets/Script/showScore.ts from cce:/internal/x/prerequisite-imports as file:///Users/liheng/project/cocos/game_code/assets/Script/showScore.ts.
debug: Resolve file:///Users/liheng/project/cocos/game_code/assets/Script/wheel/WheelBtn.ts from cce:/internal/x/prerequisite-imports as file:///Users/liheng/project/cocos/game_code/assets/Script/wheel/WheelBtn.ts.
debug: Inspect file:///Users/liheng/project/cocos/game_code/assets/Script/wheel/WheelBtn.ts
debug: Resolve cc from file:///Users/liheng/project/cocos/game_code/assets/Script/wheel/WheelBtn.ts as cce:/internal/x/cc.
debug: Resolve cc from file:///Users/liheng/project/cocos/game_code/assets/Script/wheel/WheelBtn.ts as cce:/internal/x/cc.
debug: Resolve file:///Users/liheng/project/cocos/game_code/assets/Script/wheel/WheelTable.ts from cce:/internal/x/prerequisite-imports as file:///Users/liheng/project/cocos/game_code/assets/Script/wheel/WheelTable.ts.
debug: Target(preview) ends with cost 261.31573301553726ms.
debug: Dispatch build request for time accumulated 1 asset changes.
debug: Build iteration starts.
Number of accumulated asset changes: 1
Feature changed: false
debug: Target(editor) build started.
debug: Detected change: cce:/internal/x/prerequisite-imports. Last mtime: Thu Jan 01 1970 08:23:20 GMT+0800 (中国标准时间), Current mtime: Thu Jan 01 1970 08:49:57 GMT+0800 (中国标准时间)
debug: Inspect cce:/internal/x/prerequisite-imports
debug: Resolve file:///Users/liheng/project/cocos/game_code/assets/Script/AtomMove.ts from cce:/internal/x/prerequisite-imports as file:///Users/liheng/project/cocos/game_code/assets/Script/AtomMove.ts.
debug: Resolve file:///Users/liheng/project/cocos/game_code/assets/Script/CreateAtom.ts from cce:/internal/x/prerequisite-imports as file:///Users/liheng/project/cocos/game_code/assets/Script/CreateAtom.ts.
debug: Resolve file:///Users/liheng/project/cocos/game_code/assets/Script/fileBook.ts from cce:/internal/x/prerequisite-imports as file:///Users/liheng/project/cocos/game_code/assets/Script/fileBook.ts.
debug: Resolve file:///Users/liheng/project/cocos/game_code/assets/Script/moveToPre.ts from cce:/internal/x/prerequisite-imports as file:///Users/liheng/project/cocos/game_code/assets/Script/moveToPre.ts.
debug: Resolve file:///Users/liheng/project/cocos/game_code/assets/Script/showScore.ts from cce:/internal/x/prerequisite-imports as file:///Users/liheng/project/cocos/game_code/assets/Script/showScore.ts.
debug: Resolve file:///Users/liheng/project/cocos/game_code/assets/Script/wheel/WheelBtn.ts from cce:/internal/x/prerequisite-imports as file:///Users/liheng/project/cocos/game_code/assets/Script/wheel/WheelBtn.ts.
debug: Detected change: file:///Users/liheng/project/cocos/game_code/assets/Script/wheel/WheelBtn.ts. Last mtime: Sun Jul 10 2022 22:19:01 GMT+0800 (中国标准时间)@97e0d13c-703d-4611-ad83-b55de0420efc, Current mtime: Sun Jul 10 2022 22:28:48 GMT+0800 (中国标准时间)@97e0d13c-703d-4611-ad83-b55de0420efc
debug: Inspect file:///Users/liheng/project/cocos/game_code/assets/Script/wheel/WheelBtn.ts
debug: Resolve cc from file:///Users/liheng/project/cocos/game_code/assets/Script/wheel/WheelBtn.ts as cce:/internal/x/cc.
debug: Resolve cc from file:///Users/liheng/project/cocos/game_code/assets/Script/wheel/WheelBtn.ts as cce:/internal/x/cc.
debug: Resolve file:///Users/liheng/project/cocos/game_code/assets/Script/wheel/WheelTable.ts from cce:/internal/x/prerequisite-imports as file:///Users/liheng/project/cocos/game_code/assets/Script/wheel/WheelTable.ts.
debug: Detected change: file:///Users/liheng/project/cocos/game_code/assets/Script/wheel/WheelTable.ts. Last mtime: Sun Jul 10 2022 22:18:44 GMT+0800 (中国标准时间)@5213e784-238a-42d1-9681-55d4c0075bc8, Current mtime: Sun Jul 10 2022 22:45:35 GMT+0800 (中国标准时间)@5213e784-238a-42d1-9681-55d4c0075bc8
debug: Inspect file:///Users/liheng/project/cocos/game_code/assets/Script/wheel/WheelTable.ts
debug: Dispatch build request for time accumulated 1 asset changes.
debug: Resolve cc from file:///Users/liheng/project/cocos/game_code/assets/Script/wheel/WheelTable.ts as cce:/internal/x/cc.
debug: Resolve cc from file:///Users/liheng/project/cocos/game_code/assets/Script/wheel/WheelTable.ts as cce:/internal/x/cc.
debug: Target(editor) ends with cost 199.4941390156746ms.
debug: Target(preview) build started.
debug: Detected change: cce:/internal/x/prerequisite-imports. Last mtime: Thu Jan 01 1970 08:23:20 GMT+0800 (中国标准时间), Current mtime: Thu Jan 01 1970 08:49:57 GMT+0800 (中国标准时间)
debug: Inspect cce:/internal/x/prerequisite-imports
debug: Resolve file:///Users/liheng/project/cocos/game_code/assets/Script/AtomMove.ts from cce:/internal/x/prerequisite-imports as file:///Users/liheng/project/cocos/game_code/assets/Script/AtomMove.ts.
debug: Resolve file:///Users/liheng/project/cocos/game_code/assets/Script/CreateAtom.ts from cce:/internal/x/prerequisite-imports as file:///Users/liheng/project/cocos/game_code/assets/Script/CreateAtom.ts.
debug: Resolve file:///Users/liheng/project/cocos/game_code/assets/Script/fileBook.ts from cce:/internal/x/prerequisite-imports as file:///Users/liheng/project/cocos/game_code/assets/Script/fileBook.ts.
debug: Resolve file:///Users/liheng/project/cocos/game_code/assets/Script/moveToPre.ts from cce:/internal/x/prerequisite-imports as file:///Users/liheng/project/cocos/game_code/assets/Script/moveToPre.ts.
debug: Resolve file:///Users/liheng/project/cocos/game_code/assets/Script/showScore.ts from cce:/internal/x/prerequisite-imports as file:///Users/liheng/project/cocos/game_code/assets/Script/showScore.ts.
debug: Resolve file:///Users/liheng/project/cocos/game_code/assets/Script/wheel/WheelBtn.ts from cce:/internal/x/prerequisite-imports as file:///Users/liheng/project/cocos/game_code/assets/Script/wheel/WheelBtn.ts.
debug: Detected change: file:///Users/liheng/project/cocos/game_code/assets/Script/wheel/WheelBtn.ts. Last mtime: Sun Jul 10 2022 22:19:01 GMT+0800 (中国标准时间)@97e0d13c-703d-4611-ad83-b55de0420efc, Current mtime: Sun Jul 10 2022 22:28:48 GMT+0800 (中国标准时间)@97e0d13c-703d-4611-ad83-b55de0420efc
debug: Inspect file:///Users/liheng/project/cocos/game_code/assets/Script/wheel/WheelBtn.ts
debug: Resolve cc from file:///Users/liheng/project/cocos/game_code/assets/Script/wheel/WheelBtn.ts as cce:/internal/x/cc.
debug: Resolve cc from file:///Users/liheng/project/cocos/game_code/assets/Script/wheel/WheelBtn.ts as cce:/internal/x/cc.
debug: Resolve file:///Users/liheng/project/cocos/game_code/assets/Script/wheel/WheelTable.ts from cce:/internal/x/prerequisite-imports as file:///Users/liheng/project/cocos/game_code/assets/Script/wheel/WheelTable.ts.
debug: Detected change: file:///Users/liheng/project/cocos/game_code/assets/Script/wheel/WheelTable.ts. Last mtime: Sun Jul 10 2022 22:18:44 GMT+0800 (中国标准时间)@5213e784-238a-42d1-9681-55d4c0075bc8, Current mtime: Sun Jul 10 2022 22:45:35 GMT+0800 (中国标准时间)@5213e784-238a-42d1-9681-55d4c0075bc8
debug: Inspect file:///Users/liheng/project/cocos/game_code/assets/Script/wheel/WheelTable.ts
debug: Resolve cc from file:///Users/liheng/project/cocos/game_code/assets/Script/wheel/WheelTable.ts as cce:/internal/x/cc.
debug: Resolve cc from file:///Users/liheng/project/cocos/game_code/assets/Script/wheel/WheelTable.ts as cce:/internal/x/cc.
debug: Target(preview) ends with cost 343.3796200156212ms.
debug: Build iteration starts.
Number of accumulated asset changes: 1
Feature changed: false
debug: Target(editor) build started.
debug: Detected change: cce:/internal/x/prerequisite-imports. Last mtime: Thu Jan 01 1970 08:49:57 GMT+0800 (中国标准时间), Current mtime: Thu Jan 01 1970 08:49:57 GMT+0800 (中国标准时间)
debug: Inspect cce:/internal/x/prerequisite-imports
debug: Resolve file:///Users/liheng/project/cocos/game_code/assets/Script/AtomMove.ts from cce:/internal/x/prerequisite-imports as file:///Users/liheng/project/cocos/game_code/assets/Script/AtomMove.ts.
debug: Resolve file:///Users/liheng/project/cocos/game_code/assets/Script/CreateAtom.ts from cce:/internal/x/prerequisite-imports as file:///Users/liheng/project/cocos/game_code/assets/Script/CreateAtom.ts.
debug: Resolve file:///Users/liheng/project/cocos/game_code/assets/Script/fileBook.ts from cce:/internal/x/prerequisite-imports as file:///Users/liheng/project/cocos/game_code/assets/Script/fileBook.ts.
debug: Resolve file:///Users/liheng/project/cocos/game_code/assets/Script/moveToPre.ts from cce:/internal/x/prerequisite-imports as file:///Users/liheng/project/cocos/game_code/assets/Script/moveToPre.ts.
debug: Resolve file:///Users/liheng/project/cocos/game_code/assets/Script/showScore.ts from cce:/internal/x/prerequisite-imports as file:///Users/liheng/project/cocos/game_code/assets/Script/showScore.ts.
debug: Resolve file:///Users/liheng/project/cocos/game_code/assets/Script/wheel/WheelBtn.ts from cce:/internal/x/prerequisite-imports as file:///Users/liheng/project/cocos/game_code/assets/Script/wheel/WheelBtn.ts.
debug: Resolve file:///Users/liheng/project/cocos/game_code/assets/Script/wheel/WheelTable.ts from cce:/internal/x/prerequisite-imports as file:///Users/liheng/project/cocos/game_code/assets/Script/wheel/WheelTable.ts.
debug: Target(editor) ends with cost 42.06664997339249ms.
debug: Target(preview) build started.
debug: Detected change: cce:/internal/x/prerequisite-imports. Last mtime: Thu Jan 01 1970 08:49:57 GMT+0800 (中国标准时间), Current mtime: Thu Jan 01 1970 08:49:57 GMT+0800 (中国标准时间)
debug: Inspect cce:/internal/x/prerequisite-imports
debug: Resolve file:///Users/liheng/project/cocos/game_code/assets/Script/AtomMove.ts from cce:/internal/x/prerequisite-imports as file:///Users/liheng/project/cocos/game_code/assets/Script/AtomMove.ts.
debug: Resolve file:///Users/liheng/project/cocos/game_code/assets/Script/CreateAtom.ts from cce:/internal/x/prerequisite-imports as file:///Users/liheng/project/cocos/game_code/assets/Script/CreateAtom.ts.
debug: Resolve file:///Users/liheng/project/cocos/game_code/assets/Script/fileBook.ts from cce:/internal/x/prerequisite-imports as file:///Users/liheng/project/cocos/game_code/assets/Script/fileBook.ts.
debug: Resolve file:///Users/liheng/project/cocos/game_code/assets/Script/moveToPre.ts from cce:/internal/x/prerequisite-imports as file:///Users/liheng/project/cocos/game_code/assets/Script/moveToPre.ts.
debug: Resolve file:///Users/liheng/project/cocos/game_code/assets/Script/showScore.ts from cce:/internal/x/prerequisite-imports as file:///Users/liheng/project/cocos/game_code/assets/Script/showScore.ts.
debug: Resolve file:///Users/liheng/project/cocos/game_code/assets/Script/wheel/WheelBtn.ts from cce:/internal/x/prerequisite-imports as file:///Users/liheng/project/cocos/game_code/assets/Script/wheel/WheelBtn.ts.
debug: Resolve file:///Users/liheng/project/cocos/game_code/assets/Script/wheel/WheelTable.ts from cce:/internal/x/prerequisite-imports as file:///Users/liheng/project/cocos/game_code/assets/Script/wheel/WheelTable.ts.
debug: Target(preview) ends with cost 349.36327600479126ms.
debug: Dispatch build request for time accumulated 1 asset changes.
debug: Build iteration starts.
Number of accumulated asset changes: 1
Feature changed: false
debug: Target(editor) build started.
debug: Detected change: cce:/internal/x/prerequisite-imports. Last mtime: Thu Jan 01 1970 08:49:57 GMT+0800 (中国标准时间), Current mtime: Thu Jan 01 1970 09:02:06 GMT+0800 (中国标准时间)
debug: Inspect cce:/internal/x/prerequisite-imports
debug: Resolve file:///Users/liheng/project/cocos/game_code/assets/Script/AtomMove.ts from cce:/internal/x/prerequisite-imports as file:///Users/liheng/project/cocos/game_code/assets/Script/AtomMove.ts.
debug: Resolve file:///Users/liheng/project/cocos/game_code/assets/Script/CreateAtom.ts from cce:/internal/x/prerequisite-imports as file:///Users/liheng/project/cocos/game_code/assets/Script/CreateAtom.ts.
debug: Resolve file:///Users/liheng/project/cocos/game_code/assets/Script/fileBook.ts from cce:/internal/x/prerequisite-imports as file:///Users/liheng/project/cocos/game_code/assets/Script/fileBook.ts.
debug: Resolve file:///Users/liheng/project/cocos/game_code/assets/Script/moveToPre.ts from cce:/internal/x/prerequisite-imports as file:///Users/liheng/project/cocos/game_code/assets/Script/moveToPre.ts.
debug: Resolve file:///Users/liheng/project/cocos/game_code/assets/Script/showScore.ts from cce:/internal/x/prerequisite-imports as file:///Users/liheng/project/cocos/game_code/assets/Script/showScore.ts.
debug: Resolve file:///Users/liheng/project/cocos/game_code/assets/Script/wheel/WheelBtn.ts from cce:/internal/x/prerequisite-imports as file:///Users/liheng/project/cocos/game_code/assets/Script/wheel/WheelBtn.ts.
debug: Resolve file:///Users/liheng/project/cocos/game_code/assets/Script/wheel/WheelTable.ts from cce:/internal/x/prerequisite-imports as file:///Users/liheng/project/cocos/game_code/assets/Script/wheel/WheelTable.ts.
debug: Detected change: file:///Users/liheng/project/cocos/game_code/assets/Script/wheel/WheelTable.ts. Last mtime: Sun Jul 10 2022 22:45:35 GMT+0800 (中国标准时间)@5213e784-238a-42d1-9681-55d4c0075bc8, Current mtime: Sun Jul 10 2022 22:56:45 GMT+0800 (中国标准时间)@5213e784-238a-42d1-9681-55d4c0075bc8
debug: Inspect file:///Users/liheng/project/cocos/game_code/assets/Script/wheel/WheelTable.ts
debug: Resolve cc from file:///Users/liheng/project/cocos/game_code/assets/Script/wheel/WheelTable.ts as cce:/internal/x/cc.
debug: Resolve cc from file:///Users/liheng/project/cocos/game_code/assets/Script/wheel/WheelTable.ts as cce:/internal/x/cc.
debug: Target(editor) ends with cost 81.90626502037048ms.
debug: Target(preview) build started.
debug: Detected change: cce:/internal/x/prerequisite-imports. Last mtime: Thu Jan 01 1970 08:49:57 GMT+0800 (中国标准时间), Current mtime: Thu Jan 01 1970 09:02:06 GMT+0800 (中国标准时间)
debug: Inspect cce:/internal/x/prerequisite-imports
debug: Resolve file:///Users/liheng/project/cocos/game_code/assets/Script/AtomMove.ts from cce:/internal/x/prerequisite-imports as file:///Users/liheng/project/cocos/game_code/assets/Script/AtomMove.ts.
debug: Resolve file:///Users/liheng/project/cocos/game_code/assets/Script/CreateAtom.ts from cce:/internal/x/prerequisite-imports as file:///Users/liheng/project/cocos/game_code/assets/Script/CreateAtom.ts.
debug: Resolve file:///Users/liheng/project/cocos/game_code/assets/Script/fileBook.ts from cce:/internal/x/prerequisite-imports as file:///Users/liheng/project/cocos/game_code/assets/Script/fileBook.ts.
debug: Resolve file:///Users/liheng/project/cocos/game_code/assets/Script/moveToPre.ts from cce:/internal/x/prerequisite-imports as file:///Users/liheng/project/cocos/game_code/assets/Script/moveToPre.ts.
debug: Resolve file:///Users/liheng/project/cocos/game_code/assets/Script/showScore.ts from cce:/internal/x/prerequisite-imports as file:///Users/liheng/project/cocos/game_code/assets/Script/showScore.ts.
debug: Resolve file:///Users/liheng/project/cocos/game_code/assets/Script/wheel/WheelBtn.ts from cce:/internal/x/prerequisite-imports as file:///Users/liheng/project/cocos/game_code/assets/Script/wheel/WheelBtn.ts.
debug: Resolve file:///Users/liheng/project/cocos/game_code/assets/Script/wheel/WheelTable.ts from cce:/internal/x/prerequisite-imports as file:///Users/liheng/project/cocos/game_code/assets/Script/wheel/WheelTable.ts.
debug: Detected change: file:///Users/liheng/project/cocos/game_code/assets/Script/wheel/WheelTable.ts. Last mtime: Sun Jul 10 2022 22:45:35 GMT+0800 (中国标准时间)@5213e784-238a-42d1-9681-55d4c0075bc8, Current mtime: Sun Jul 10 2022 22:56:45 GMT+0800 (中国标准时间)@5213e784-238a-42d1-9681-55d4c0075bc8
debug: Inspect file:///Users/liheng/project/cocos/game_code/assets/Script/wheel/WheelTable.ts
debug: Resolve cc from file:///Users/liheng/project/cocos/game_code/assets/Script/wheel/WheelTable.ts as cce:/internal/x/cc.
debug: Resolve cc from file:///Users/liheng/project/cocos/game_code/assets/Script/wheel/WheelTable.ts as cce:/internal/x/cc.
debug: Target(preview) ends with cost 284.75317096710205ms.
debug: Dispatch build request for time accumulated 1 asset changes.
debug: Build iteration starts.
Number of accumulated asset changes: 1
Feature changed: false
debug: Target(editor) build started.
debug: Detected change: cce:/internal/x/prerequisite-imports. Last mtime: Thu Jan 01 1970 09:02:06 GMT+0800 (中国标准时间), Current mtime: Thu Jan 01 1970 09:09:57 GMT+0800 (中国标准时间)
debug: Inspect cce:/internal/x/prerequisite-imports
debug: Resolve file:///Users/liheng/project/cocos/game_code/assets/Script/AtomMove.ts from cce:/internal/x/prerequisite-imports as file:///Users/liheng/project/cocos/game_code/assets/Script/AtomMove.ts.
debug: Resolve file:///Users/liheng/project/cocos/game_code/assets/Script/CreateAtom.ts from cce:/internal/x/prerequisite-imports as file:///Users/liheng/project/cocos/game_code/assets/Script/CreateAtom.ts.
debug: Resolve file:///Users/liheng/project/cocos/game_code/assets/Script/fileBook.ts from cce:/internal/x/prerequisite-imports as file:///Users/liheng/project/cocos/game_code/assets/Script/fileBook.ts.
debug: Resolve file:///Users/liheng/project/cocos/game_code/assets/Script/moveToPre.ts from cce:/internal/x/prerequisite-imports as file:///Users/liheng/project/cocos/game_code/assets/Script/moveToPre.ts.
debug: Resolve file:///Users/liheng/project/cocos/game_code/assets/Script/showScore.ts from cce:/internal/x/prerequisite-imports as file:///Users/liheng/project/cocos/game_code/assets/Script/showScore.ts.
debug: Resolve file:///Users/liheng/project/cocos/game_code/assets/Script/wheel/WheelBtn.ts from cce:/internal/x/prerequisite-imports as file:///Users/liheng/project/cocos/game_code/assets/Script/wheel/WheelBtn.ts.
debug: Resolve file:///Users/liheng/project/cocos/game_code/assets/Script/wheel/WheelTable.ts from cce:/internal/x/prerequisite-imports as file:///Users/liheng/project/cocos/game_code/assets/Script/wheel/WheelTable.ts.
debug: Detected change: file:///Users/liheng/project/cocos/game_code/assets/Script/wheel/WheelTable.ts. Last mtime: Sun Jul 10 2022 22:56:45 GMT+0800 (中国标准时间)@5213e784-238a-42d1-9681-55d4c0075bc8, Current mtime: Sun Jul 10 2022 23:04:34 GMT+0800 (中国标准时间)@5213e784-238a-42d1-9681-55d4c0075bc8
debug: Inspect file:///Users/liheng/project/cocos/game_code/assets/Script/wheel/WheelTable.ts
debug: Resolve cc from file:///Users/liheng/project/cocos/game_code/assets/Script/wheel/WheelTable.ts as cce:/internal/x/cc.
debug: Resolve cc from file:///Users/liheng/project/cocos/game_code/assets/Script/wheel/WheelTable.ts as cce:/internal/x/cc.
debug: Target(editor) ends with cost 154.66975897550583ms.
debug: Target(preview) build started.
debug: Detected change: cce:/internal/x/prerequisite-imports. Last mtime: Thu Jan 01 1970 09:02:06 GMT+0800 (中国标准时间), Current mtime: Thu Jan 01 1970 09:09:58 GMT+0800 (中国标准时间)
debug: Inspect cce:/internal/x/prerequisite-imports
debug: Resolve file:///Users/liheng/project/cocos/game_code/assets/Script/AtomMove.ts from cce:/internal/x/prerequisite-imports as file:///Users/liheng/project/cocos/game_code/assets/Script/AtomMove.ts.
debug: Resolve file:///Users/liheng/project/cocos/game_code/assets/Script/CreateAtom.ts from cce:/internal/x/prerequisite-imports as file:///Users/liheng/project/cocos/game_code/assets/Script/CreateAtom.ts.
debug: Resolve file:///Users/liheng/project/cocos/game_code/assets/Script/fileBook.ts from cce:/internal/x/prerequisite-imports as file:///Users/liheng/project/cocos/game_code/assets/Script/fileBook.ts.
debug: Resolve file:///Users/liheng/project/cocos/game_code/assets/Script/moveToPre.ts from cce:/internal/x/prerequisite-imports as file:///Users/liheng/project/cocos/game_code/assets/Script/moveToPre.ts.
debug: Resolve file:///Users/liheng/project/cocos/game_code/assets/Script/showScore.ts from cce:/internal/x/prerequisite-imports as file:///Users/liheng/project/cocos/game_code/assets/Script/showScore.ts.
debug: Resolve file:///Users/liheng/project/cocos/game_code/assets/Script/wheel/WheelBtn.ts from cce:/internal/x/prerequisite-imports as file:///Users/liheng/project/cocos/game_code/assets/Script/wheel/WheelBtn.ts.
debug: Resolve file:///Users/liheng/project/cocos/game_code/assets/Script/wheel/WheelTable.ts from cce:/internal/x/prerequisite-imports as file:///Users/liheng/project/cocos/game_code/assets/Script/wheel/WheelTable.ts.
debug: Detected change: file:///Users/liheng/project/cocos/game_code/assets/Script/wheel/WheelTable.ts. Last mtime: Sun Jul 10 2022 22:56:45 GMT+0800 (中国标准时间)@5213e784-238a-42d1-9681-55d4c0075bc8, Current mtime: Sun Jul 10 2022 23:04:34 GMT+0800 (中国标准时间)@5213e784-238a-42d1-9681-55d4c0075bc8
debug: Inspect file:///Users/liheng/project/cocos/game_code/assets/Script/wheel/WheelTable.ts
debug: Resolve cc from file:///Users/liheng/project/cocos/game_code/assets/Script/wheel/WheelTable.ts as cce:/internal/x/cc.
debug: Resolve cc from file:///Users/liheng/project/cocos/game_code/assets/Script/wheel/WheelTable.ts as cce:/internal/x/cc.
debug: Target(preview) ends with cost 563.3688770532608ms.
debug: Dispatch build request for time accumulated 1 asset changes.
debug: Build iteration starts.
Number of accumulated asset changes: 1
Feature changed: false
debug: Target(editor) build started.
debug: Detected change: cce:/internal/x/prerequisite-imports. Last mtime: Thu Jan 01 1970 09:09:57 GMT+0800 (中国标准时间), Current mtime: Thu Jan 01 1970 09:51:29 GMT+0800 (中国标准时间)
debug: Inspect cce:/internal/x/prerequisite-imports
debug: Resolve file:///Users/liheng/project/cocos/game_code/assets/Script/AtomMove.ts from cce:/internal/x/prerequisite-imports as file:///Users/liheng/project/cocos/game_code/assets/Script/AtomMove.ts.
debug: Resolve file:///Users/liheng/project/cocos/game_code/assets/Script/CreateAtom.ts from cce:/internal/x/prerequisite-imports as file:///Users/liheng/project/cocos/game_code/assets/Script/CreateAtom.ts.
debug: Resolve file:///Users/liheng/project/cocos/game_code/assets/Script/fileBook.ts from cce:/internal/x/prerequisite-imports as file:///Users/liheng/project/cocos/game_code/assets/Script/fileBook.ts.
debug: Resolve file:///Users/liheng/project/cocos/game_code/assets/Script/moveToPre.ts from cce:/internal/x/prerequisite-imports as file:///Users/liheng/project/cocos/game_code/assets/Script/moveToPre.ts.
debug: Resolve file:///Users/liheng/project/cocos/game_code/assets/Script/showScore.ts from cce:/internal/x/prerequisite-imports as file:///Users/liheng/project/cocos/game_code/assets/Script/showScore.ts.
debug: Resolve file:///Users/liheng/project/cocos/game_code/assets/Script/wheel/WheelBtn.ts from cce:/internal/x/prerequisite-imports as file:///Users/liheng/project/cocos/game_code/assets/Script/wheel/WheelBtn.ts.
debug: Resolve file:///Users/liheng/project/cocos/game_code/assets/Script/wheel/WheelTable.ts from cce:/internal/x/prerequisite-imports as file:///Users/liheng/project/cocos/game_code/assets/Script/wheel/WheelTable.ts.
debug: Detected change: file:///Users/liheng/project/cocos/game_code/assets/Script/wheel/WheelTable.ts. Last mtime: Sun Jul 10 2022 23:04:34 GMT+0800 (中国标准时间)@5213e784-238a-42d1-9681-55d4c0075bc8, Current mtime: Sun Jul 10 2022 23:19:15 GMT+0800 (中国标准时间)@5213e784-238a-42d1-9681-55d4c0075bc8
debug: Inspect file:///Users/liheng/project/cocos/game_code/assets/Script/wheel/WheelTable.ts
debug: Resolve cc from file:///Users/liheng/project/cocos/game_code/assets/Script/wheel/WheelTable.ts as cce:/internal/x/cc.
debug: Resolve cc from file:///Users/liheng/project/cocos/game_code/assets/Script/wheel/WheelTable.ts as cce:/internal/x/cc.
debug: Target(editor) ends with cost 139.601586997509ms.
debug: Target(preview) build started.
debug: Detected change: cce:/internal/x/prerequisite-imports. Last mtime: Thu Jan 01 1970 09:09:58 GMT+0800 (中国标准时间), Current mtime: Thu Jan 01 1970 09:51:30 GMT+0800 (中国标准时间)
debug: Inspect cce:/internal/x/prerequisite-imports
debug: Resolve file:///Users/liheng/project/cocos/game_code/assets/Script/AtomMove.ts from cce:/internal/x/prerequisite-imports as file:///Users/liheng/project/cocos/game_code/assets/Script/AtomMove.ts.
debug: Resolve file:///Users/liheng/project/cocos/game_code/assets/Script/CreateAtom.ts from cce:/internal/x/prerequisite-imports as file:///Users/liheng/project/cocos/game_code/assets/Script/CreateAtom.ts.
debug: Resolve file:///Users/liheng/project/cocos/game_code/assets/Script/fileBook.ts from cce:/internal/x/prerequisite-imports as file:///Users/liheng/project/cocos/game_code/assets/Script/fileBook.ts.
debug: Resolve file:///Users/liheng/project/cocos/game_code/assets/Script/moveToPre.ts from cce:/internal/x/prerequisite-imports as file:///Users/liheng/project/cocos/game_code/assets/Script/moveToPre.ts.
debug: Resolve file:///Users/liheng/project/cocos/game_code/assets/Script/showScore.ts from cce:/internal/x/prerequisite-imports as file:///Users/liheng/project/cocos/game_code/assets/Script/showScore.ts.
debug: Resolve file:///Users/liheng/project/cocos/game_code/assets/Script/wheel/WheelBtn.ts from cce:/internal/x/prerequisite-imports as file:///Users/liheng/project/cocos/game_code/assets/Script/wheel/WheelBtn.ts.
debug: Resolve file:///Users/liheng/project/cocos/game_code/assets/Script/wheel/WheelTable.ts from cce:/internal/x/prerequisite-imports as file:///Users/liheng/project/cocos/game_code/assets/Script/wheel/WheelTable.ts.
debug: Detected change: file:///Users/liheng/project/cocos/game_code/assets/Script/wheel/WheelTable.ts. Last mtime: Sun Jul 10 2022 23:04:34 GMT+0800 (中国标准时间)@5213e784-238a-42d1-9681-55d4c0075bc8, Current mtime: Sun Jul 10 2022 23:19:15 GMT+0800 (中国标准时间)@5213e784-238a-42d1-9681-55d4c0075bc8
debug: Inspect file:///Users/liheng/project/cocos/game_code/assets/Script/wheel/WheelTable.ts
debug: Resolve cc from file:///Users/liheng/project/cocos/game_code/assets/Script/wheel/WheelTable.ts as cce:/internal/x/cc.
debug: Resolve cc from file:///Users/liheng/project/cocos/game_code/assets/Script/wheel/WheelTable.ts as cce:/internal/x/cc.
debug: Target(preview) ends with cost 386.7028070092201ms.
